TN:
SF:/Users/sg/Desktop/connect4/src/Board.js
FN:3,(anonymous_1)
FN:8,(anonymous_2)
FN:12,(anonymous_3)
FN:24,(anonymous_4)
FN:52,(anonymous_5)
FN:67,(anonymous_6)
FN:76,(anonymous_7)
FN:85,(anonymous_8)
FNF:8
FNH:4
FNDA:1,(anonymous_1)
FNDA:0,(anonymous_2)
FNDA:0,(anonymous_3)
FNDA:16,(anonymous_4)
FNDA:148,(anonymous_5)
FNDA:296,(anonymous_6)
FNDA:0,(anonymous_7)
FNDA:0,(anonymous_8)
DA:3,1
DA:4,1
DA:5,1
DA:6,1
DA:7,1
DA:8,1
DA:9,0
DA:12,1
DA:13,0
DA:14,0
DA:15,0
DA:17,0
DA:18,0
DA:24,1
DA:26,16
DA:27,2
DA:28,2
DA:31,14
DA:32,4
DA:33,4
DA:36,10
DA:37,0
DA:38,0
DA:41,10
DA:42,2
DA:43,2
DA:45,8
DA:52,1
DA:54,148
DA:55,148
DA:57,48
DA:60,100
DA:63,0
DA:67,1
DA:69,296
DA:70,26
DA:72,270
DA:76,1
DA:77,0
DA:78,0
DA:79,0
DA:80,0
DA:82,0
DA:85,1
DA:86,0
LF:45
LH:30
BRDA:9,1,0,0
BRDA:9,1,1,0
BRDA:13,2,0,0
BRDA:13,2,1,0
BRDA:26,3,0,2
BRDA:26,3,1,14
BRDA:31,4,0,4
BRDA:31,4,1,10
BRDA:36,5,0,0
BRDA:36,5,1,10
BRDA:41,6,0,2
BRDA:41,6,1,8
BRDA:54,7,0,148
BRDA:54,7,1,0
BRDA:55,8,0,48
BRDA:55,8,1,100
BRDA:69,9,0,26
BRDA:69,9,1,270
BRDA:69,10,0,296
BRDA:69,10,1,276
BRF:20
BRH:14
end_of_record
TN:
SF:/Users/sg/Desktop/connect4/src/Player.js
FN:3,(anonymous_1)
FN:7,(anonymous_2)
FNF:2
FNH:2
FNDA:4,(anonymous_1)
FNDA:2,(anonymous_2)
DA:3,1
DA:4,4
DA:5,4
DA:7,4
DA:8,2
DA:9,2
DA:10,1
DA:12,1
LF:8
LH:8
BRDA:9,1,0,1
BRDA:9,1,1,1
BRF:2
BRH:2
end_of_record
